{"D:\\Kurs\\home-work-49\\src\\App.tsx": {"path":"D:\\Kurs\\home-work-49\\src\\App.tsx","statementMap":{"0":{"start":{"line":4,"column":2},"end":{"line":7,"column":null}}},"fnMap":{"0":{"name":"App","decl":{"start":{"line":3,"column":9},"end":{"line":3,"column":15}},"loc":{"start":{"line":3,"column":15},"end":{"line":9,"column":null}},"line":3}},"branchMap":{},"s":{"0":0},"f":{"0":0},"b":{},"meta":{"lastBranch":0,"lastFunction":1,"lastStatement":1,"seen":{"f:3:9:3:15":0,"s:4:2:7:Infinity":0}}}
,"D:\\Kurs\\home-work-49\\src\\main.tsx": {"path":"D:\\Kurs\\home-work-49\\src\\main.tsx","statementMap":{"0":{"start":{"line":6,"column":0},"end":{"line":10,"column":null}}},"fnMap":{},"branchMap":{},"s":{"0":0},"f":{},"b":{},"meta":{"lastBranch":0,"lastFunction":0,"lastStatement":1,"seen":{"s:6:0:10:Infinity":0}}}
,"D:\\Kurs\\home-work-49\\src\\components\\DataFetcher\\DataFetcher.tsx": {"path":"D:\\Kurs\\home-work-49\\src\\components\\DataFetcher\\DataFetcher.tsx","statementMap":{"0":{"start":{"line":9,"column":20},"end":{"line":44,"column":null}},"1":{"start":{"line":10,"column":22},"end":{"line":10,"column":null}},"2":{"start":{"line":11,"column":32},"end":{"line":11,"column":null}},"3":{"start":{"line":12,"column":24},"end":{"line":12,"column":null}},"4":{"start":{"line":13,"column":2},"end":{"line":28,"column":null}},"5":{"start":{"line":14,"column":35},"end":{"line":26,"column":null}},"6":{"start":{"line":15,"column":6},"end":{"line":15,"column":null}},"7":{"start":{"line":16,"column":6},"end":{"line":25,"column":null}},"8":{"start":{"line":17,"column":29},"end":{"line":17,"column":null}},"9":{"start":{"line":18,"column":8},"end":{"line":18,"column":null}},"10":{"start":{"line":20,"column":8},"end":{"line":22,"column":null}},"11":{"start":{"line":21,"column":10},"end":{"line":21,"column":null}},"12":{"start":{"line":24,"column":8},"end":{"line":24,"column":null}},"13":{"start":{"line":27,"column":4},"end":{"line":27,"column":null}},"14":{"start":{"line":30,"column":2},"end":{"line":42,"column":null}},"15":{"start":{"line":38,"column":10},"end":{"line":40,"column":null}}},"fnMap":{"0":{"name":"(anonymous_0)","decl":{"start":{"line":9,"column":20},"end":{"line":9,"column":26}},"loc":{"start":{"line":9,"column":26},"end":{"line":44,"column":null}},"line":9},"1":{"name":"(anonymous_1)","decl":{"start":{"line":13,"column":12},"end":{"line":13,"column":18}},"loc":{"start":{"line":13,"column":18},"end":{"line":28,"column":5}},"line":13},"2":{"name":"(anonymous_2)","decl":{"start":{"line":14,"column":35},"end":{"line":14,"column":47}},"loc":{"start":{"line":14,"column":47},"end":{"line":26,"column":null}},"line":14},"3":{"name":"(anonymous_3)","decl":{"start":{"line":37,"column":17},"end":{"line":37,"column":18}},"loc":{"start":{"line":38,"column":10},"end":{"line":40,"column":null}},"line":38}},"branchMap":{"0":{"loc":{"start":{"line":20,"column":8},"end":{"line":22,"column":null}},"type":"if","locations":[{"start":{"line":20,"column":8},"end":{"line":22,"column":null}},{"start":{},"end":{}}],"line":20},"1":{"loc":{"start":{"line":33,"column":7},"end":{"line":33,"column":null}},"type":"binary-expr","locations":[{"start":{"line":33,"column":7},"end":{"line":33,"column":20}},{"start":{"line":33,"column":20},"end":{"line":33,"column":null}}],"line":33},"2":{"loc":{"start":{"line":34,"column":7},"end":{"line":34,"column":null}},"type":"binary-expr","locations":[{"start":{"line":34,"column":7},"end":{"line":34,"column":16}},{"start":{"line":34,"column":16},"end":{"line":34,"column":null}}],"line":34},"3":{"loc":{"start":{"line":35,"column":7},"end":{"line":41,"column":null}},"type":"binary-expr","locations":[{"start":{"line":35,"column":7},"end":{"line":35,"column":null}},{"start":{"line":36,"column":8},"end":{"line":36,"column":null}},{"start":{"line":37,"column":8},"end":{"line":41,"column":null}}],"line":35}},"s":{"0":1,"1":2,"2":2,"3":2,"4":2,"5":1,"6":1,"7":1,"8":1,"9":0,"10":0,"11":0,"12":0,"13":1,"14":2,"15":0},"f":{"0":2,"1":1,"2":1,"3":0},"b":{"0":[0,0],"1":[2,1],"2":[2,0],"3":[2,1,0]},"meta":{"lastBranch":4,"lastFunction":4,"lastStatement":16,"seen":{"s:9:20:44:Infinity":0,"f:9:20:9:26":0,"s:10:22:10:Infinity":1,"s:11:32:11:Infinity":2,"s:12:24:12:Infinity":3,"s:13:2:28:Infinity":4,"f:13:12:13:18":1,"s:14:35:26:Infinity":5,"f:14:35:14:47":2,"s:15:6:15:Infinity":6,"s:16:6:25:Infinity":7,"s:17:29:17:Infinity":8,"s:18:8:18:Infinity":9,"b:20:8:22:Infinity:undefined:undefined:undefined:undefined":0,"s:20:8:22:Infinity":10,"s:21:10:21:Infinity":11,"s:24:8:24:Infinity":12,"s:27:4:27:Infinity":13,"s:30:2:42:Infinity":14,"b:33:7:33:20:33:20:33:Infinity":1,"b:34:7:34:16:34:16:34:Infinity":2,"b:35:7:35:Infinity:36:8:36:Infinity:37:8:41:Infinity":3,"f:37:17:37:18":3,"s:38:10:40:Infinity":15}}}
,"D:\\Kurs\\home-work-49\\src\\components\\DataFetcher\\utils\\UtilsDataFetcher.tsx": {"path":"D:\\Kurs\\home-work-49\\src\\components\\DataFetcher\\utils\\UtilsDataFetcher.tsx","statementMap":{"0":{"start":{"line":2,"column":17},"end":{"line":2,"column":null}},"1":{"start":{"line":3,"column":32},"end":{"line":12,"column":null}},"2":{"start":{"line":4,"column":2},"end":{"line":11,"column":null}},"3":{"start":{"line":5,"column":4},"end":{"line":5,"column":null}},"4":{"start":{"line":7,"column":4},"end":{"line":9,"column":null}},"5":{"start":{"line":8,"column":6},"end":{"line":8,"column":null}},"6":{"start":{"line":10,"column":4},"end":{"line":10,"column":null}}},"fnMap":{"0":{"name":"(anonymous_0)","decl":{"start":{"line":3,"column":32},"end":{"line":3,"column":44}},"loc":{"start":{"line":3,"column":44},"end":{"line":12,"column":null}},"line":3}},"branchMap":{"0":{"loc":{"start":{"line":7,"column":4},"end":{"line":9,"column":null}},"type":"if","locations":[{"start":{"line":7,"column":4},"end":{"line":9,"column":null}},{"start":{},"end":{}}],"line":7}},"s":{"0":1,"1":1,"2":1,"3":1,"4":0,"5":0,"6":0},"f":{"0":1},"b":{"0":[0,0]},"meta":{"lastBranch":1,"lastFunction":1,"lastStatement":7,"seen":{"s:2:17:2:Infinity":0,"s:3:32:12:Infinity":1,"f:3:32:3:44":0,"s:4:2:11:Infinity":2,"s:5:4:5:Infinity":3,"b:7:4:9:Infinity:undefined:undefined:undefined:undefined":0,"s:7:4:9:Infinity":4,"s:8:6:8:Infinity":5,"s:10:4:10:Infinity":6}}}
}
